Arguments: 
  /usr/local/bin/node /usr/local/Cellar/yarn/1.22.10/libexec/bin/yarn.js install

PATH: 
  /Users/tylerpritchard/opt/anaconda3/bin:/usr/local/opt/python/libexec/bin:/usr/local/bin:/usr/bin:/bin:/usr/sbin:/sbin:/Users/tylerpritchard/Library/Python/2.7/bin:/Users/tylerpritchard/anaconda3/bin:/Users/tylerpritchard/anaconda3/condabin:/Users/tylerpritchard/opt/anaconda3/bin:/usr/local/opt/python/libexec/bin

Yarn version: 
  1.22.10

Node version: 
  14.16.0

Platform: 
  darwin x64

Trace: 
  SyntaxError: /Users/tylerpritchard/Desktop/routes/package.json: Unexpected token } in JSON at position 643
      at JSON.parse (<anonymous>)
      at /usr/local/Cellar/yarn/1.22.10/libexec/lib/cli.js:1625:59
      at Generator.next (<anonymous>)
      at step (/usr/local/Cellar/yarn/1.22.10/libexec/lib/cli.js:310:30)
      at /usr/local/Cellar/yarn/1.22.10/libexec/lib/cli.js:321:13

npm manifest: 
  {
    "main": "node_modules/expo/AppEntry.js",
    "name": "routes",
    "scripts": {
      "start": "expo start",
      "android": "expo start --android",
      "ios": "expo start --ios",
      "web": "expo start --web",
      "eject": "expo eject",
      "test": "jest"
    },
    "dependencies": {
      "expo": "~41.0.1",
      "expo-status-bar": "~1.0.4",
      "react": "17.0.2",
      "react-native": "https://github.com/expo/react-native/archive/sdk-41.0.0.tar.gz",
      "react-native-maps": "0.28.0",
      "react-native-maps-directions": "^1.8.0",
      "react-native-paper": "^4.9.1",
      "react-native-vector-icons": "^8.1.0",
      "react-native-web": "~0.13.12",
  
    },
    "devDependencies": {
      "@babel/core": "^7.9.0",
      "@testing-library/jest-native": "^4.0.1",
      "@testing-library/react-native": "^7.2.0",
      "@babel/runtime": "^7.4.4",
      "babel-jest": "^24.8.0",
      "enzyme": "^3.11.0",
      "enzyme-adapter-react-16": "^1.15.6",
      "jest": "^27.0.3",
      "jest-environment-enzyme": "^7.1.2",
      "jest-enzyme": "^7.1.2",
      "metro-react-native-babel-preset": "^0.54.0",
      "react-dom": "^16.8.6",
      "react-test-renderer": "^17.0.2"
    },
    "jest": {
      "preset": "react-native",
      "setupFilesAfterEnv": [
        "jest-enzyme"
      ],
      "testEnvironment": "enzyme",
      "testEnvironmentOptions": {
        "enzymeAdapter": "react16"
      }
    }
  }

yarn manifest: 
  No manifest

Lockfile: 
  No lockfile
